[0.013s] Invoking command in '/home/zouxx/MyData/ROS2_Visual_WS/build/my_robot_bringup': CMAKE_PREFIX_PATH=${CMAKE_PREFIX_PATH}:/opt/ros/jazzy DEBUGINFOD_URLS=https://debuginfod.ubuntu.com /usr/bin/cmake --build /home/zouxx/MyData/ROS2_Visual_WS/build/my_robot_bringup -- -j16 -l16
[0.056s] Invoked command in '/home/zouxx/MyData/ROS2_Visual_WS/build/my_robot_bringup' returned '0': CMAKE_PREFIX_PATH=${CMAKE_PREFIX_PATH}:/opt/ros/jazzy DEBUGINFOD_URLS=https://debuginfod.ubuntu.com /usr/bin/cmake --build /home/zouxx/MyData/ROS2_Visual_WS/build/my_robot_bringup -- -j16 -l16
[0.067s] Invoking command in '/home/zouxx/MyData/ROS2_Visual_WS/build/my_robot_bringup': CMAKE_PREFIX_PATH=${CMAKE_PREFIX_PATH}:/opt/ros/jazzy DEBUGINFOD_URLS=https://debuginfod.ubuntu.com /usr/bin/cmake --install /home/zouxx/MyData/ROS2_Visual_WS/build/my_robot_bringup
[0.076s] -- Install configuration: ""
[0.076s] -- Up-to-date: /home/zouxx/MyData/ROS2_Visual_WS/install/my_robot_bringup/share/my_robot_bringup//launch
[0.076s] -- Up-to-date: /home/zouxx/MyData/ROS2_Visual_WS/install/my_robot_bringup/share/my_robot_bringup//launch/my_robot_gazebo.launch.xml
[0.076s] -- Up-to-date: /home/zouxx/MyData/ROS2_Visual_WS/install/my_robot_bringup/share/my_robot_bringup//config
[0.076s] -- Up-to-date: /home/zouxx/MyData/ROS2_Visual_WS/install/my_robot_bringup/share/my_robot_bringup//config/gazebo_bridge.yaml
[0.076s] -- Up-to-date: /home/zouxx/MyData/ROS2_Visual_WS/install/my_robot_bringup/share/my_robot_bringup//world
[0.076s] -- Up-to-date: /home/zouxx/MyData/ROS2_Visual_WS/install/my_robot_bringup/share/my_robot_bringup//world/robot_world.sdf
[0.076s] -- Up-to-date: /home/zouxx/MyData/ROS2_Visual_WS/install/my_robot_bringup/share/ament_index/resource_index/package_run_dependencies/my_robot_bringup
[0.076s] -- Up-to-date: /home/zouxx/MyData/ROS2_Visual_WS/install/my_robot_bringup/share/ament_index/resource_index/parent_prefix_path/my_robot_bringup
[0.078s] -- Up-to-date: /home/zouxx/MyData/ROS2_Visual_WS/install/my_robot_bringup/share/my_robot_bringup/environment/ament_prefix_path.sh
[0.078s] -- Up-to-date: /home/zouxx/MyData/ROS2_Visual_WS/install/my_robot_bringup/share/my_robot_bringup/environment/ament_prefix_path.dsv
[0.078s] -- Up-to-date: /home/zouxx/MyData/ROS2_Visual_WS/install/my_robot_bringup/share/my_robot_bringup/environment/path.sh
[0.078s] -- Up-to-date: /home/zouxx/MyData/ROS2_Visual_WS/install/my_robot_bringup/share/my_robot_bringup/environment/path.dsv
[0.078s] -- Up-to-date: /home/zouxx/MyData/ROS2_Visual_WS/install/my_robot_bringup/share/my_robot_bringup/local_setup.bash
[0.078s] -- Up-to-date: /home/zouxx/MyData/ROS2_Visual_WS/install/my_robot_bringup/share/my_robot_bringup/local_setup.sh
[0.078s] -- Up-to-date: /home/zouxx/MyData/ROS2_Visual_WS/install/my_robot_bringup/share/my_robot_bringup/local_setup.zsh
[0.078s] -- Up-to-date: /home/zouxx/MyData/ROS2_Visual_WS/install/my_robot_bringup/share/my_robot_bringup/local_setup.dsv
[0.078s] -- Installing: /home/zouxx/MyData/ROS2_Visual_WS/install/my_robot_bringup/share/my_robot_bringup/package.dsv
[0.078s] -- Up-to-date: /home/zouxx/MyData/ROS2_Visual_WS/install/my_robot_bringup/share/ament_index/resource_index/packages/my_robot_bringup
[0.078s] -- Up-to-date: /home/zouxx/MyData/ROS2_Visual_WS/install/my_robot_bringup/share/my_robot_bringup/cmake/my_robot_bringupConfig.cmake
[0.079s] -- Up-to-date: /home/zouxx/MyData/ROS2_Visual_WS/install/my_robot_bringup/share/my_robot_bringup/cmake/my_robot_bringupConfig-version.cmake
[0.079s] -- Up-to-date: /home/zouxx/MyData/ROS2_Visual_WS/install/my_robot_bringup/share/my_robot_bringup/package.xml
[0.081s] Invoked command in '/home/zouxx/MyData/ROS2_Visual_WS/build/my_robot_bringup' returned '0': CMAKE_PREFIX_PATH=${CMAKE_PREFIX_PATH}:/opt/ros/jazzy DEBUGINFOD_URLS=https://debuginfod.ubuntu.com /usr/bin/cmake --install /home/zouxx/MyData/ROS2_Visual_WS/build/my_robot_bringup
