[0.114s] DEBUG:colcon:Command line arguments: ['/usr/bin/colcon', 'build']
[0.114s] DEBUG:colcon:Parsed command line arguments: Namespace(log_base=None, log_level=None, verb_name='build', build_base='build', install_base='install', merge_install=False, symlink_install=False, test_result_base=None, continue_on_error=False, executor='parallel', parallel_workers=16, event_handlers=None, ignore_user_meta=False, metas=['./colcon.meta'], base_paths=['.'], packages_ignore=None, packages_ignore_regex=None, paths=None, packages_up_to=None, packages_up_to_regex=None, packages_above=None, packages_above_and_dependencies=None, packages_above_depth=None, packages_select_by_dep=None, packages_skip_by_dep=None, packages_skip_up_to=None, packages_select_build_failed=False, packages_skip_build_finished=False, packages_select_test_failures=False, packages_skip_test_passed=False, packages_select=None, packages_skip=None, packages_select_regex=None, packages_skip_regex=None, packages_start=None, packages_end=None, allow_overriding=[], cmake_args=None, cmake_target=None, cmake_target_skip_unavailable=False, cmake_clean_cache=False, cmake_clean_first=False, cmake_force_configure=False, ament_cmake_args=None, catkin_cmake_args=None, catkin_skip_building_tests=False, verb_parser=<colcon_defaults.argument_parser.defaults.DefaultArgumentsDecorator object at 0x7dd478a91e50>, verb_extension=<colcon_core.verb.build.BuildVerb object at 0x7dd478bb2090>, main=<bound method BuildVerb.main of <colcon_core.verb.build.BuildVerb object at 0x7dd478bb2090>>)
[0.158s] Level 1:colcon.colcon_core.package_discovery:discover_packages(colcon_meta) check parameters
[0.158s] Level 1:colcon.colcon_core.package_discovery:discover_packages(recursive) check parameters
[0.158s] Level 1:colcon.colcon_core.package_discovery:discover_packages(ignore) check parameters
[0.158s] Level 1:colcon.colcon_core.package_discovery:discover_packages(path) check parameters
[0.158s] Level 1:colcon.colcon_core.package_discovery:discover_packages(colcon_meta) discover
[0.158s] Level 1:colcon.colcon_core.package_discovery:discover_packages(recursive) discover
[0.158s] INFO:colcon.colcon_core.package_discovery:Crawling recursively for packages in '/home/zouxx/MyData/ROS2_Visual_WS'
[0.159s] Level 1:colcon.colcon_core.package_identification:_identify(.) by extensions ['ignore', 'ignore_ament_install']
[0.159s] Level 1:colcon.colcon_core.package_identification:_identify(.) by extension 'ignore'
[0.159s] Level 1:colcon.colcon_core.package_identification:_identify(.) by extension 'ignore_ament_install'
[0.159s] Level 1:colcon.colcon_core.package_identification:_identify(.) by extensions ['colcon_pkg']
[0.159s] Level 1:colcon.colcon_core.package_identification:_identify(.) by extension 'colcon_pkg'
[0.159s] Level 1:colcon.colcon_core.package_identification:_identify(.) by extensions ['colcon_meta']
[0.159s] Level 1:colcon.colcon_core.package_identification:_identify(.) by extension 'colcon_meta'
[0.159s] Level 1:colcon.colcon_core.package_identification:_identify(.) by extensions ['ros']
[0.159s] Level 1:colcon.colcon_core.package_identification:_identify(.) by extension 'ros'
[0.185s] Level 1:colcon.colcon_core.package_identification:_identify(.) by extensions ['cmake', 'python']
[0.185s] Level 1:colcon.colcon_core.package_identification:_identify(.) by extension 'cmake'
[0.185s] Level 1:colcon.colcon_core.package_identification:_identify(.) by extension 'python'
[0.185s] Level 1:colcon.colcon_core.package_identification:_identify(.) by extensions ['python_setup_py']
[0.185s] Level 1:colcon.colcon_core.package_identification:_identify(.) by extension 'python_setup_py'
[0.186s] Level 1:colcon.colcon_core.package_identification:_identify(build) by extensions ['ignore', 'ignore_ament_install']
[0.186s] Level 1:colcon.colcon_core.package_identification:_identify(build) by extension 'ignore'
[0.186s] Level 1:colcon.colcon_core.package_identification:_identify(build) ignored
[0.186s] Level 1:colcon.colcon_core.package_identification:_identify(install) by extensions ['ignore', 'ignore_ament_install']
[0.186s] Level 1:colcon.colcon_core.package_identification:_identify(install) by extension 'ignore'
[0.186s] Level 1:colcon.colcon_core.package_identification:_identify(install) ignored
[0.186s] Level 1:colcon.colcon_core.package_identification:_identify(log) by extensions ['ignore', 'ignore_ament_install']
[0.186s] Level 1:colcon.colcon_core.package_identification:_identify(log) by extension 'ignore'
[0.186s] Level 1:colcon.colcon_core.package_identification:_identify(log) ignored
[0.187s] Level 1:colcon.colcon_core.package_identification:_identify(src) by extensions ['ignore', 'ignore_ament_install']
[0.187s] Level 1:colcon.colcon_core.package_identification:_identify(src) by extension 'ignore'
[0.187s] Level 1:colcon.colcon_core.package_identification:_identify(src) by extension 'ignore_ament_install'
[0.187s] Level 1:colcon.colcon_core.package_identification:_identify(src) by extensions ['colcon_pkg']
[0.187s] Level 1:colcon.colcon_core.package_identification:_identify(src) by extension 'colcon_pkg'
[0.187s] Level 1:colcon.colcon_core.package_identification:_identify(src) by extensions ['colcon_meta']
[0.187s] Level 1:colcon.colcon_core.package_identification:_identify(src) by extension 'colcon_meta'
[0.187s] Level 1:colcon.colcon_core.package_identification:_identify(src) by extensions ['ros']
[0.187s] Level 1:colcon.colcon_core.package_identification:_identify(src) by extension 'ros'
[0.187s] Level 1:colcon.colcon_core.package_identification:_identify(src) by extensions ['cmake', 'python']
[0.187s] Level 1:colcon.colcon_core.package_identification:_identify(src) by extension 'cmake'
[0.187s] Level 1:colcon.colcon_core.package_identification:_identify(src) by extension 'python'
[0.187s] Level 1:colcon.colcon_core.package_identification:_identify(src) by extensions ['python_setup_py']
[0.187s] Level 1:colcon.colcon_core.package_identification:_identify(src) by extension 'python_setup_py'
[0.187s] Level 1:colcon.colcon_core.package_identification:_identify(src/log) by extensions ['ignore', 'ignore_ament_install']
[0.187s] Level 1:colcon.colcon_core.package_identification:_identify(src/log) by extension 'ignore'
[0.188s] Level 1:colcon.colcon_core.package_identification:_identify(src/log) ignored
[0.188s] Level 1:colcon.colcon_core.package_identification:_identify(src/my_robot_bringup) by extensions ['ignore', 'ignore_ament_install']
[0.188s] Level 1:colcon.colcon_core.package_identification:_identify(src/my_robot_bringup) by extension 'ignore'
[0.188s] Level 1:colcon.colcon_core.package_identification:_identify(src/my_robot_bringup) by extension 'ignore_ament_install'
[0.188s] Level 1:colcon.colcon_core.package_identification:_identify(src/my_robot_bringup) by extensions ['colcon_pkg']
[0.188s] Level 1:colcon.colcon_core.package_identification:_identify(src/my_robot_bringup) by extension 'colcon_pkg'
[0.188s] Level 1:colcon.colcon_core.package_identification:_identify(src/my_robot_bringup) by extensions ['colcon_meta']
[0.188s] Level 1:colcon.colcon_core.package_identification:_identify(src/my_robot_bringup) by extension 'colcon_meta'
[0.188s] Level 1:colcon.colcon_core.package_identification:_identify(src/my_robot_bringup) by extensions ['ros']
[0.188s] Level 1:colcon.colcon_core.package_identification:_identify(src/my_robot_bringup) by extension 'ros'
[0.190s] DEBUG:colcon.colcon_core.package_identification:Package 'src/my_robot_bringup' with type 'ros.ament_cmake' and name 'my_robot_bringup'
[0.190s] Level 1:colcon.colcon_core.package_identification:_identify(src/my_robot_description) by extensions ['ignore', 'ignore_ament_install']
[0.190s] Level 1:colcon.colcon_core.package_identification:_identify(src/my_robot_description) by extension 'ignore'
[0.191s] Level 1:colcon.colcon_core.package_identification:_identify(src/my_robot_description) by extension 'ignore_ament_install'
[0.191s] Level 1:colcon.colcon_core.package_identification:_identify(src/my_robot_description) by extensions ['colcon_pkg']
[0.191s] Level 1:colcon.colcon_core.package_identification:_identify(src/my_robot_description) by extension 'colcon_pkg'
[0.191s] Level 1:colcon.colcon_core.package_identification:_identify(src/my_robot_description) by extensions ['colcon_meta']
[0.191s] Level 1:colcon.colcon_core.package_identification:_identify(src/my_robot_description) by extension 'colcon_meta'
[0.191s] Level 1:colcon.colcon_core.package_identification:_identify(src/my_robot_description) by extensions ['ros']
[0.191s] Level 1:colcon.colcon_core.package_identification:_identify(src/my_robot_description) by extension 'ros'
[0.191s] DEBUG:colcon.colcon_core.package_identification:Package 'src/my_robot_description' with type 'ros.ament_cmake' and name 'my_robot_description'
[0.191s] Level 1:colcon.colcon_core.package_identification:_identify(world_model) by extensions ['ignore', 'ignore_ament_install']
[0.191s] Level 1:colcon.colcon_core.package_identification:_identify(world_model) by extension 'ignore'
[0.191s] Level 1:colcon.colcon_core.package_identification:_identify(world_model) by extension 'ignore_ament_install'
[0.192s] Level 1:colcon.colcon_core.package_identification:_identify(world_model) by extensions ['colcon_pkg']
[0.192s] Level 1:colcon.colcon_core.package_identification:_identify(world_model) by extension 'colcon_pkg'
[0.192s] Level 1:colcon.colcon_core.package_identification:_identify(world_model) by extensions ['colcon_meta']
[0.192s] Level 1:colcon.colcon_core.package_identification:_identify(world_model) by extension 'colcon_meta'
[0.192s] Level 1:colcon.colcon_core.package_identification:_identify(world_model) by extensions ['ros']
[0.192s] Level 1:colcon.colcon_core.package_identification:_identify(world_model) by extension 'ros'
[0.192s] Level 1:colcon.colcon_core.package_identification:_identify(world_model) by extensions ['cmake', 'python']
[0.192s] Level 1:colcon.colcon_core.package_identification:_identify(world_model) by extension 'cmake'
[0.192s] Level 1:colcon.colcon_core.package_identification:_identify(world_model) by extension 'python'
[0.192s] Level 1:colcon.colcon_core.package_identification:_identify(world_model) by extensions ['python_setup_py']
[0.192s] Level 1:colcon.colcon_core.package_identification:_identify(world_model) by extension 'python_setup_py'
[0.192s] Level 1:colcon.colcon_core.package_identification:_identify(world_model/shelf) by extensions ['ignore', 'ignore_ament_install']
[0.192s] Level 1:colcon.colcon_core.package_identification:_identify(world_model/shelf) by extension 'ignore'
[0.192s] Level 1:colcon.colcon_core.package_identification:_identify(world_model/shelf) by extension 'ignore_ament_install'
[0.192s] Level 1:colcon.colcon_core.package_identification:_identify(world_model/shelf) by extensions ['colcon_pkg']
[0.192s] Level 1:colcon.colcon_core.package_identification:_identify(world_model/shelf) by extension 'colcon_pkg'
[0.192s] Level 1:colcon.colcon_core.package_identification:_identify(world_model/shelf) by extensions ['colcon_meta']
[0.192s] Level 1:colcon.colcon_core.package_identification:_identify(world_model/shelf) by extension 'colcon_meta'
[0.192s] Level 1:colcon.colcon_core.package_identification:_identify(world_model/shelf) by extensions ['ros']
[0.192s] Level 1:colcon.colcon_core.package_identification:_identify(world_model/shelf) by extension 'ros'
[0.192s] Level 1:colcon.colcon_core.package_identification:_identify(world_model/shelf) by extensions ['cmake', 'python']
[0.192s] Level 1:colcon.colcon_core.package_identification:_identify(world_model/shelf) by extension 'cmake'
[0.193s] Level 1:colcon.colcon_core.package_identification:_identify(world_model/shelf) by extension 'python'
[0.193s] Level 1:colcon.colcon_core.package_identification:_identify(world_model/shelf) by extensions ['python_setup_py']
[0.193s] Level 1:colcon.colcon_core.package_identification:_identify(world_model/shelf) by extension 'python_setup_py'
[0.193s] Level 1:colcon.colcon_core.package_identification:_identify(world_model/shelf/meshes) by extensions ['ignore', 'ignore_ament_install']
[0.193s] Level 1:colcon.colcon_core.package_identification:_identify(world_model/shelf/meshes) by extension 'ignore'
[0.193s] Level 1:colcon.colcon_core.package_identification:_identify(world_model/shelf/meshes) by extension 'ignore_ament_install'
[0.193s] Level 1:colcon.colcon_core.package_identification:_identify(world_model/shelf/meshes) by extensions ['colcon_pkg']
[0.193s] Level 1:colcon.colcon_core.package_identification:_identify(world_model/shelf/meshes) by extension 'colcon_pkg'
[0.193s] Level 1:colcon.colcon_core.package_identification:_identify(world_model/shelf/meshes) by extensions ['colcon_meta']
[0.193s] Level 1:colcon.colcon_core.package_identification:_identify(world_model/shelf/meshes) by extension 'colcon_meta'
[0.193s] Level 1:colcon.colcon_core.package_identification:_identify(world_model/shelf/meshes) by extensions ['ros']
[0.193s] Level 1:colcon.colcon_core.package_identification:_identify(world_model/shelf/meshes) by extension 'ros'
[0.193s] Level 1:colcon.colcon_core.package_identification:_identify(world_model/shelf/meshes) by extensions ['cmake', 'python']
[0.193s] Level 1:colcon.colcon_core.package_identification:_identify(world_model/shelf/meshes) by extension 'cmake'
[0.193s] Level 1:colcon.colcon_core.package_identification:_identify(world_model/shelf/meshes) by extension 'python'
[0.193s] Level 1:colcon.colcon_core.package_identification:_identify(world_model/shelf/meshes) by extensions ['python_setup_py']
[0.193s] Level 1:colcon.colcon_core.package_identification:_identify(world_model/shelf/meshes) by extension 'python_setup_py'
[0.193s] Level 1:colcon.colcon_core.package_identification:_identify(world_model/shelf/thumbnails) by extensions ['ignore', 'ignore_ament_install']
[0.194s] Level 1:colcon.colcon_core.package_identification:_identify(world_model/shelf/thumbnails) by extension 'ignore'
[0.194s] Level 1:colcon.colcon_core.package_identification:_identify(world_model/shelf/thumbnails) by extension 'ignore_ament_install'
[0.194s] Level 1:colcon.colcon_core.package_identification:_identify(world_model/shelf/thumbnails) by extensions ['colcon_pkg']
[0.194s] Level 1:colcon.colcon_core.package_identification:_identify(world_model/shelf/thumbnails) by extension 'colcon_pkg'
[0.194s] Level 1:colcon.colcon_core.package_identification:_identify(world_model/shelf/thumbnails) by extensions ['colcon_meta']
[0.194s] Level 1:colcon.colcon_core.package_identification:_identify(world_model/shelf/thumbnails) by extension 'colcon_meta'
[0.194s] Level 1:colcon.colcon_core.package_identification:_identify(world_model/shelf/thumbnails) by extensions ['ros']
[0.194s] Level 1:colcon.colcon_core.package_identification:_identify(world_model/shelf/thumbnails) by extension 'ros'
[0.194s] Level 1:colcon.colcon_core.package_identification:_identify(world_model/shelf/thumbnails) by extensions ['cmake', 'python']
[0.194s] Level 1:colcon.colcon_core.package_identification:_identify(world_model/shelf/thumbnails) by extension 'cmake'
[0.194s] Level 1:colcon.colcon_core.package_identification:_identify(world_model/shelf/thumbnails) by extension 'python'
[0.194s] Level 1:colcon.colcon_core.package_identification:_identify(world_model/shelf/thumbnails) by extensions ['python_setup_py']
[0.194s] Level 1:colcon.colcon_core.package_identification:_identify(world_model/shelf/thumbnails) by extension 'python_setup_py'
[0.194s] Level 1:colcon.colcon_core.package_discovery:discover_packages(recursive) using defaults
[0.194s] Level 1:colcon.colcon_core.package_discovery:discover_packages(ignore) discover
[0.194s] Level 1:colcon.colcon_core.package_discovery:discover_packages(ignore) using defaults
[0.194s] Level 1:colcon.colcon_core.package_discovery:discover_packages(path) discover
[0.194s] Level 1:colcon.colcon_core.package_discovery:discover_packages(path) using defaults
[0.212s] Level 1:colcon.colcon_core.package_discovery:discover_packages(prefix_path) check parameters
[0.213s] Level 1:colcon.colcon_core.package_discovery:discover_packages(prefix_path) discover
[0.214s] DEBUG:colcon.colcon_installed_package_information.package_discovery:Found 2 installed packages in /home/zouxx/MyData/ROS2_Visual_WS/install
[0.216s] DEBUG:colcon.colcon_installed_package_information.package_discovery:Found 419 installed packages in /opt/ros/jazzy
[0.218s] Level 1:colcon.colcon_core.package_discovery:discover_packages(prefix_path) using defaults
[0.277s] Level 5:colcon.colcon_core.verb:set package 'my_robot_bringup' build argument 'cmake_args' from command line to 'None'
[0.277s] Level 5:colcon.colcon_core.verb:set package 'my_robot_bringup' build argument 'cmake_target' from command line to 'None'
[0.277s] Level 5:colcon.colcon_core.verb:set package 'my_robot_bringup' build argument 'cmake_target_skip_unavailable' from command line to 'False'
[0.277s] Level 5:colcon.colcon_core.verb:set package 'my_robot_bringup' build argument 'cmake_clean_cache' from command line to 'False'
[0.277s] Level 5:colcon.colcon_core.verb:set package 'my_robot_bringup' build argument 'cmake_clean_first' from command line to 'False'
[0.277s] Level 5:colcon.colcon_core.verb:set package 'my_robot_bringup' build argument 'cmake_force_configure' from command line to 'False'
[0.277s] Level 5:colcon.colcon_core.verb:set package 'my_robot_bringup' build argument 'ament_cmake_args' from command line to 'None'
[0.277s] Level 5:colcon.colcon_core.verb:set package 'my_robot_bringup' build argument 'catkin_cmake_args' from command line to 'None'
[0.277s] Level 5:colcon.colcon_core.verb:set package 'my_robot_bringup' build argument 'catkin_skip_building_tests' from command line to 'False'
[0.277s] DEBUG:colcon.colcon_core.verb:Building package 'my_robot_bringup' with the following arguments: {'ament_cmake_args': None, 'build_base': '/home/zouxx/MyData/ROS2_Visual_WS/build/my_robot_bringup', 'catkin_cmake_args': None, 'catkin_skip_building_tests': False, 'cmake_args': None, 'cmake_clean_cache': False, 'cmake_clean_first': False, 'cmake_force_configure': False, 'cmake_target': None, 'cmake_target_skip_unavailable': False, 'install_base': '/home/zouxx/MyData/ROS2_Visual_WS/install/my_robot_bringup', 'merge_install': False, 'path': '/home/zouxx/MyData/ROS2_Visual_WS/src/my_robot_bringup', 'symlink_install': False, 'test_result_base': None}
[0.278s] Level 5:colcon.colcon_core.verb:set package 'my_robot_description' build argument 'cmake_args' from command line to 'None'
[0.278s] Level 5:colcon.colcon_core.verb:set package 'my_robot_description' build argument 'cmake_target' from command line to 'None'
[0.278s] Level 5:colcon.colcon_core.verb:set package 'my_robot_description' build argument 'cmake_target_skip_unavailable' from command line to 'False'
[0.278s] Level 5:colcon.colcon_core.verb:set package 'my_robot_description' build argument 'cmake_clean_cache' from command line to 'False'
[0.278s] Level 5:colcon.colcon_core.verb:set package 'my_robot_description' build argument 'cmake_clean_first' from command line to 'False'
[0.278s] Level 5:colcon.colcon_core.verb:set package 'my_robot_description' build argument 'cmake_force_configure' from command line to 'False'
[0.278s] Level 5:colcon.colcon_core.verb:set package 'my_robot_description' build argument 'ament_cmake_args' from command line to 'None'
[0.278s] Level 5:colcon.colcon_core.verb:set package 'my_robot_description' build argument 'catkin_cmake_args' from command line to 'None'
[0.278s] Level 5:colcon.colcon_core.verb:set package 'my_robot_description' build argument 'catkin_skip_building_tests' from command line to 'False'
[0.278s] DEBUG:colcon.colcon_core.verb:Building package 'my_robot_description' with the following arguments: {'ament_cmake_args': None, 'build_base': '/home/zouxx/MyData/ROS2_Visual_WS/build/my_robot_description', 'catkin_cmake_args': None, 'catkin_skip_building_tests': False, 'cmake_args': None, 'cmake_clean_cache': False, 'cmake_clean_first': False, 'cmake_force_configure': False, 'cmake_target': None, 'cmake_target_skip_unavailable': False, 'install_base': '/home/zouxx/MyData/ROS2_Visual_WS/install/my_robot_description', 'merge_install': False, 'path': '/home/zouxx/MyData/ROS2_Visual_WS/src/my_robot_description', 'symlink_install': False, 'test_result_base': None}
[0.278s] INFO:colcon.colcon_core.executor:Executing jobs using 'parallel' executor
[0.279s] DEBUG:colcon.colcon_parallel_executor.executor.parallel:run_until_complete
[0.279s] INFO:colcon.colcon_ros.task.ament_cmake.build:Building ROS package in '/home/zouxx/MyData/ROS2_Visual_WS/src/my_robot_bringup' with build type 'ament_cmake'
[0.280s] INFO:colcon.colcon_cmake.task.cmake.build:Building CMake package in '/home/zouxx/MyData/ROS2_Visual_WS/src/my_robot_bringup'
[0.281s] INFO:colcon.colcon_core.plugin_system:Skipping extension 'colcon_core.shell.bat': Not used on non-Windows systems
[0.281s] INFO:colcon.colcon_core.shell:Skip shell extension 'powershell' for command environment: Not usable outside of PowerShell
[0.281s] DEBUG:colcon.colcon_core.shell:Skip shell extension 'dsv' for command environment
[0.286s] INFO:colcon.colcon_ros.task.ament_cmake.build:Building ROS package in '/home/zouxx/MyData/ROS2_Visual_WS/src/my_robot_description' with build type 'ament_cmake'
[0.286s] INFO:colcon.colcon_cmake.task.cmake.build:Building CMake package in '/home/zouxx/MyData/ROS2_Visual_WS/src/my_robot_description'
[0.286s] INFO:colcon.colcon_core.shell:Skip shell extension 'powershell' for command environment: Not usable outside of PowerShell
[0.286s] DEBUG:colcon.colcon_core.shell:Skip shell extension 'dsv' for command environment
[0.295s] DEBUG:colcon.colcon_core.event_handler.log_command:Invoking command in '/home/zouxx/MyData/ROS2_Visual_WS/build/my_robot_bringup': CMAKE_PREFIX_PATH=${CMAKE_PREFIX_PATH}:/opt/ros/jazzy DEBUGINFOD_URLS=https://debuginfod.ubuntu.com /usr/bin/cmake --build /home/zouxx/MyData/ROS2_Visual_WS/build/my_robot_bringup -- -j16 -l16
[0.298s] DEBUG:colcon.colcon_core.event_handler.log_command:Invoking command in '/home/zouxx/MyData/ROS2_Visual_WS/build/my_robot_description': CMAKE_PREFIX_PATH=${CMAKE_PREFIX_PATH}:/opt/ros/jazzy DEBUGINFOD_URLS=https://debuginfod.ubuntu.com /usr/bin/cmake --build /home/zouxx/MyData/ROS2_Visual_WS/build/my_robot_description -- -j16 -l16
[0.345s] DEBUG:colcon.colcon_core.event_handler.log_command:Invoked command in '/home/zouxx/MyData/ROS2_Visual_WS/build/my_robot_bringup' returned '0': CMAKE_PREFIX_PATH=${CMAKE_PREFIX_PATH}:/opt/ros/jazzy DEBUGINFOD_URLS=https://debuginfod.ubuntu.com /usr/bin/cmake --build /home/zouxx/MyData/ROS2_Visual_WS/build/my_robot_bringup -- -j16 -l16
[0.357s] DEBUG:colcon.colcon_core.event_handler.log_command:Invoking command in '/home/zouxx/MyData/ROS2_Visual_WS/build/my_robot_bringup': CMAKE_PREFIX_PATH=${CMAKE_PREFIX_PATH}:/opt/ros/jazzy DEBUGINFOD_URLS=https://debuginfod.ubuntu.com /usr/bin/cmake --install /home/zouxx/MyData/ROS2_Visual_WS/build/my_robot_bringup
[0.359s] DEBUG:colcon.colcon_core.event_handler.log_command:Invoked command in '/home/zouxx/MyData/ROS2_Visual_WS/build/my_robot_description' returned '0': CMAKE_PREFIX_PATH=${CMAKE_PREFIX_PATH}:/opt/ros/jazzy DEBUGINFOD_URLS=https://debuginfod.ubuntu.com /usr/bin/cmake --build /home/zouxx/MyData/ROS2_Visual_WS/build/my_robot_description -- -j16 -l16
[0.360s] DEBUG:colcon.colcon_core.event_handler.log_command:Invoking command in '/home/zouxx/MyData/ROS2_Visual_WS/build/my_robot_description': CMAKE_PREFIX_PATH=${CMAKE_PREFIX_PATH}:/opt/ros/jazzy DEBUGINFOD_URLS=https://debuginfod.ubuntu.com /usr/bin/cmake --install /home/zouxx/MyData/ROS2_Visual_WS/build/my_robot_description
[0.374s] Level 1:colcon.colcon_core.environment:create_environment_scripts_only(my_robot_bringup)
[0.375s] DEBUG:colcon.colcon_core.event_handler.log_command:Invoked command in '/home/zouxx/MyData/ROS2_Visual_WS/build/my_robot_bringup' returned '0': CMAKE_PREFIX_PATH=${CMAKE_PREFIX_PATH}:/opt/ros/jazzy DEBUGINFOD_URLS=https://debuginfod.ubuntu.com /usr/bin/cmake --install /home/zouxx/MyData/ROS2_Visual_WS/build/my_robot_bringup
[0.377s] Level 1:colcon.colcon_core.environment:checking '/home/zouxx/MyData/ROS2_Visual_WS/install/my_robot_bringup' for CMake module files
[0.377s] Level 1:colcon.colcon_core.environment:checking '/home/zouxx/MyData/ROS2_Visual_WS/install/my_robot_bringup' for CMake config files
[0.378s] Level 1:colcon.colcon_core.shell:create_environment_hook('my_robot_bringup', 'cmake_prefix_path')
[0.378s] INFO:colcon.colcon_core.shell:Creating environment hook '/home/zouxx/MyData/ROS2_Visual_WS/install/my_robot_bringup/share/my_robot_bringup/hook/cmake_prefix_path.ps1'
[0.378s] INFO:colcon.colcon_core.shell:Creating environment descriptor '/home/zouxx/MyData/ROS2_Visual_WS/install/my_robot_bringup/share/my_robot_bringup/hook/cmake_prefix_path.dsv'
[0.379s] INFO:colcon.colcon_core.shell:Creating environment hook '/home/zouxx/MyData/ROS2_Visual_WS/install/my_robot_bringup/share/my_robot_bringup/hook/cmake_prefix_path.sh'
[0.380s] Level 1:colcon.colcon_core.environment:checking '/home/zouxx/MyData/ROS2_Visual_WS/install/my_robot_bringup/bin'
[0.380s] Level 1:colcon.colcon_core.environment:checking '/home/zouxx/MyData/ROS2_Visual_WS/install/my_robot_bringup/lib/pkgconfig/my_robot_bringup.pc'
[0.380s] Level 1:colcon.colcon_core.environment:checking '/home/zouxx/MyData/ROS2_Visual_WS/install/my_robot_bringup/lib/python3.12/site-packages'
[0.380s] Level 1:colcon.colcon_core.environment:checking '/home/zouxx/MyData/ROS2_Visual_WS/install/my_robot_bringup/bin'
[0.381s] INFO:colcon.colcon_core.shell:Creating package script '/home/zouxx/MyData/ROS2_Visual_WS/install/my_robot_bringup/share/my_robot_bringup/package.ps1'
[0.381s] INFO:colcon.colcon_core.shell:Creating package descriptor '/home/zouxx/MyData/ROS2_Visual_WS/install/my_robot_bringup/share/my_robot_bringup/package.dsv'
[0.382s] INFO:colcon.colcon_core.shell:Creating package script '/home/zouxx/MyData/ROS2_Visual_WS/install/my_robot_bringup/share/my_robot_bringup/package.sh'
[0.383s] INFO:colcon.colcon_core.shell:Creating package script '/home/zouxx/MyData/ROS2_Visual_WS/install/my_robot_bringup/share/my_robot_bringup/package.bash'
[0.383s] INFO:colcon.colcon_core.shell:Creating package script '/home/zouxx/MyData/ROS2_Visual_WS/install/my_robot_bringup/share/my_robot_bringup/package.zsh'
[0.384s] Level 1:colcon.colcon_core.environment:create_file_with_runtime_dependencies(/home/zouxx/MyData/ROS2_Visual_WS/install/my_robot_bringup/share/colcon-core/packages/my_robot_bringup)
[0.385s] Level 1:colcon.colcon_core.environment:create_environment_scripts_only(my_robot_bringup)
[0.385s] Level 1:colcon.colcon_core.environment:checking '/home/zouxx/MyData/ROS2_Visual_WS/install/my_robot_bringup' for CMake module files
[0.385s] Level 1:colcon.colcon_core.environment:checking '/home/zouxx/MyData/ROS2_Visual_WS/install/my_robot_bringup' for CMake config files
[0.386s] Level 1:colcon.colcon_core.shell:create_environment_hook('my_robot_bringup', 'cmake_prefix_path')
[0.386s] INFO:colcon.colcon_core.shell:Creating environment hook '/home/zouxx/MyData/ROS2_Visual_WS/install/my_robot_bringup/share/my_robot_bringup/hook/cmake_prefix_path.ps1'
[0.386s] INFO:colcon.colcon_core.shell:Creating environment descriptor '/home/zouxx/MyData/ROS2_Visual_WS/install/my_robot_bringup/share/my_robot_bringup/hook/cmake_prefix_path.dsv'
[0.387s] INFO:colcon.colcon_core.shell:Creating environment hook '/home/zouxx/MyData/ROS2_Visual_WS/install/my_robot_bringup/share/my_robot_bringup/hook/cmake_prefix_path.sh'
[0.387s] Level 1:colcon.colcon_core.environment:checking '/home/zouxx/MyData/ROS2_Visual_WS/install/my_robot_bringup/bin'
[0.387s] Level 1:colcon.colcon_core.environment:checking '/home/zouxx/MyData/ROS2_Visual_WS/install/my_robot_bringup/lib/pkgconfig/my_robot_bringup.pc'
[0.388s] Level 1:colcon.colcon_core.environment:checking '/home/zouxx/MyData/ROS2_Visual_WS/install/my_robot_bringup/lib/python3.12/site-packages'
[0.388s] Level 1:colcon.colcon_core.environment:checking '/home/zouxx/MyData/ROS2_Visual_WS/install/my_robot_bringup/bin'
[0.388s] INFO:colcon.colcon_core.shell:Creating package script '/home/zouxx/MyData/ROS2_Visual_WS/install/my_robot_bringup/share/my_robot_bringup/package.ps1'
[0.389s] INFO:colcon.colcon_core.shell:Creating package descriptor '/home/zouxx/MyData/ROS2_Visual_WS/install/my_robot_bringup/share/my_robot_bringup/package.dsv'
[0.389s] INFO:colcon.colcon_core.shell:Creating package script '/home/zouxx/MyData/ROS2_Visual_WS/install/my_robot_bringup/share/my_robot_bringup/package.sh'
[0.390s] INFO:colcon.colcon_core.shell:Creating package script '/home/zouxx/MyData/ROS2_Visual_WS/install/my_robot_bringup/share/my_robot_bringup/package.bash'
[0.390s] INFO:colcon.colcon_core.shell:Creating package script '/home/zouxx/MyData/ROS2_Visual_WS/install/my_robot_bringup/share/my_robot_bringup/package.zsh'
[0.390s] Level 1:colcon.colcon_core.environment:create_file_with_runtime_dependencies(/home/zouxx/MyData/ROS2_Visual_WS/install/my_robot_bringup/share/colcon-core/packages/my_robot_bringup)
[0.391s] Level 1:colcon.colcon_core.environment:create_environment_scripts_only(my_robot_description)
[0.391s] Level 1:colcon.colcon_core.environment:checking '/home/zouxx/MyData/ROS2_Visual_WS/install/my_robot_description' for CMake module files
[0.392s] DEBUG:colcon.colcon_core.event_handler.log_command:Invoked command in '/home/zouxx/MyData/ROS2_Visual_WS/build/my_robot_description' returned '0': CMAKE_PREFIX_PATH=${CMAKE_PREFIX_PATH}:/opt/ros/jazzy DEBUGINFOD_URLS=https://debuginfod.ubuntu.com /usr/bin/cmake --install /home/zouxx/MyData/ROS2_Visual_WS/build/my_robot_description
[0.392s] Level 1:colcon.colcon_core.environment:checking '/home/zouxx/MyData/ROS2_Visual_WS/install/my_robot_description' for CMake config files
[0.393s] Level 1:colcon.colcon_core.shell:create_environment_hook('my_robot_description', 'cmake_prefix_path')
[0.393s] INFO:colcon.colcon_core.shell:Creating environment hook '/home/zouxx/MyData/ROS2_Visual_WS/install/my_robot_description/share/my_robot_description/hook/cmake_prefix_path.ps1'
[0.393s] INFO:colcon.colcon_core.shell:Creating environment descriptor '/home/zouxx/MyData/ROS2_Visual_WS/install/my_robot_description/share/my_robot_description/hook/cmake_prefix_path.dsv'
[0.393s] INFO:colcon.colcon_core.shell:Creating environment hook '/home/zouxx/MyData/ROS2_Visual_WS/install/my_robot_description/share/my_robot_description/hook/cmake_prefix_path.sh'
[0.394s] Level 1:colcon.colcon_core.environment:checking '/home/zouxx/MyData/ROS2_Visual_WS/install/my_robot_description/bin'
[0.394s] Level 1:colcon.colcon_core.environment:checking '/home/zouxx/MyData/ROS2_Visual_WS/install/my_robot_description/lib/pkgconfig/my_robot_description.pc'
[0.394s] Level 1:colcon.colcon_core.environment:checking '/home/zouxx/MyData/ROS2_Visual_WS/install/my_robot_description/lib/python3.12/site-packages'
[0.395s] Level 1:colcon.colcon_core.environment:checking '/home/zouxx/MyData/ROS2_Visual_WS/install/my_robot_description/bin'
[0.395s] INFO:colcon.colcon_core.shell:Creating package script '/home/zouxx/MyData/ROS2_Visual_WS/install/my_robot_description/share/my_robot_description/package.ps1'
[0.395s] INFO:colcon.colcon_core.shell:Creating package descriptor '/home/zouxx/MyData/ROS2_Visual_WS/install/my_robot_description/share/my_robot_description/package.dsv'
[0.396s] INFO:colcon.colcon_core.shell:Creating package script '/home/zouxx/MyData/ROS2_Visual_WS/install/my_robot_description/share/my_robot_description/package.sh'
[0.396s] INFO:colcon.colcon_core.shell:Creating package script '/home/zouxx/MyData/ROS2_Visual_WS/install/my_robot_description/share/my_robot_description/package.bash'
[0.396s] INFO:colcon.colcon_core.shell:Creating package script '/home/zouxx/MyData/ROS2_Visual_WS/install/my_robot_description/share/my_robot_description/package.zsh'
[0.397s] Level 1:colcon.colcon_core.environment:create_file_with_runtime_dependencies(/home/zouxx/MyData/ROS2_Visual_WS/install/my_robot_description/share/colcon-core/packages/my_robot_description)
[0.397s] Level 1:colcon.colcon_core.environment:create_environment_scripts_only(my_robot_description)
[0.397s] Level 1:colcon.colcon_core.environment:checking '/home/zouxx/MyData/ROS2_Visual_WS/install/my_robot_description' for CMake module files
[0.398s] Level 1:colcon.colcon_core.environment:checking '/home/zouxx/MyData/ROS2_Visual_WS/install/my_robot_description' for CMake config files
[0.398s] Level 1:colcon.colcon_core.shell:create_environment_hook('my_robot_description', 'cmake_prefix_path')
[0.398s] INFO:colcon.colcon_core.shell:Creating environment hook '/home/zouxx/MyData/ROS2_Visual_WS/install/my_robot_description/share/my_robot_description/hook/cmake_prefix_path.ps1'
[0.399s] INFO:colcon.colcon_core.shell:Creating environment descriptor '/home/zouxx/MyData/ROS2_Visual_WS/install/my_robot_description/share/my_robot_description/hook/cmake_prefix_path.dsv'
[0.399s] INFO:colcon.colcon_core.shell:Creating environment hook '/home/zouxx/MyData/ROS2_Visual_WS/install/my_robot_description/share/my_robot_description/hook/cmake_prefix_path.sh'
[0.400s] Level 1:colcon.colcon_core.environment:checking '/home/zouxx/MyData/ROS2_Visual_WS/install/my_robot_description/bin'
[0.400s] Level 1:colcon.colcon_core.environment:checking '/home/zouxx/MyData/ROS2_Visual_WS/install/my_robot_description/lib/pkgconfig/my_robot_description.pc'
[0.400s] Level 1:colcon.colcon_core.environment:checking '/home/zouxx/MyData/ROS2_Visual_WS/install/my_robot_description/lib/python3.12/site-packages'
[0.400s] Level 1:colcon.colcon_core.environment:checking '/home/zouxx/MyData/ROS2_Visual_WS/install/my_robot_description/bin'
[0.400s] INFO:colcon.colcon_core.shell:Creating package script '/home/zouxx/MyData/ROS2_Visual_WS/install/my_robot_description/share/my_robot_description/package.ps1'
[0.401s] INFO:colcon.colcon_core.shell:Creating package descriptor '/home/zouxx/MyData/ROS2_Visual_WS/install/my_robot_description/share/my_robot_description/package.dsv'
[0.401s] INFO:colcon.colcon_core.shell:Creating package script '/home/zouxx/MyData/ROS2_Visual_WS/install/my_robot_description/share/my_robot_description/package.sh'
[0.401s] INFO:colcon.colcon_core.shell:Creating package script '/home/zouxx/MyData/ROS2_Visual_WS/install/my_robot_description/share/my_robot_description/package.bash'
[0.402s] INFO:colcon.colcon_core.shell:Creating package script '/home/zouxx/MyData/ROS2_Visual_WS/install/my_robot_description/share/my_robot_description/package.zsh'
[0.402s] Level 1:colcon.colcon_core.environment:create_file_with_runtime_dependencies(/home/zouxx/MyData/ROS2_Visual_WS/install/my_robot_description/share/colcon-core/packages/my_robot_description)
[0.402s] DEBUG:colcon.colcon_parallel_executor.executor.parallel:closing loop
[0.403s] DEBUG:colcon.colcon_parallel_executor.executor.parallel:loop closed
[0.403s] DEBUG:colcon.colcon_parallel_executor.executor.parallel:run_until_complete finished with '0'
[0.403s] DEBUG:colcon.colcon_core.event_reactor:joining thread
[0.408s] INFO:colcon.colcon_core.plugin_system:Skipping extension 'colcon_notification.desktop_notification.terminal_notifier': Not used on non-Darwin systems
[0.408s] INFO:colcon.colcon_core.plugin_system:Skipping extension 'colcon_notification.desktop_notification.win32': Not used on non-Windows systems
[0.408s] INFO:colcon.colcon_notification.desktop_notification:Sending desktop notification using 'notify2'
[0.429s] DEBUG:colcon.colcon_core.event_reactor:joined thread
[0.429s] INFO:colcon.colcon_core.shell:Creating prefix script '/home/zouxx/MyData/ROS2_Visual_WS/install/local_setup.ps1'
[0.430s] INFO:colcon.colcon_core.shell:Creating prefix util module '/home/zouxx/MyData/ROS2_Visual_WS/install/_local_setup_util_ps1.py'
[0.431s] INFO:colcon.colcon_core.shell:Creating prefix chain script '/home/zouxx/MyData/ROS2_Visual_WS/install/setup.ps1'
[0.432s] INFO:colcon.colcon_core.shell:Creating prefix script '/home/zouxx/MyData/ROS2_Visual_WS/install/local_setup.sh'
[0.432s] INFO:colcon.colcon_core.shell:Creating prefix util module '/home/zouxx/MyData/ROS2_Visual_WS/install/_local_setup_util_sh.py'
[0.433s] INFO:colcon.colcon_core.shell:Creating prefix chain script '/home/zouxx/MyData/ROS2_Visual_WS/install/setup.sh'
[0.434s] INFO:colcon.colcon_core.shell:Creating prefix script '/home/zouxx/MyData/ROS2_Visual_WS/install/local_setup.bash'
[0.434s] INFO:colcon.colcon_core.shell:Creating prefix chain script '/home/zouxx/MyData/ROS2_Visual_WS/install/setup.bash'
[0.435s] INFO:colcon.colcon_core.shell:Creating prefix script '/home/zouxx/MyData/ROS2_Visual_WS/install/local_setup.zsh'
[0.436s] INFO:colcon.colcon_core.shell:Creating prefix chain script '/home/zouxx/MyData/ROS2_Visual_WS/install/setup.zsh'
