[0.011s] Invoking command in '/home/zouxx/MyData/ROS2_Visual_WS/build/my_robot_bringup': DEBUGINFOD_URLS=https://debuginfod.ubuntu.com /usr/bin/cmake /home/zouxx/MyData/ROS2_Visual_WS/src/my_robot_bringup -DCMAKE_INSTALL_PREFIX=/home/zouxx/MyData/ROS2_Visual_WS/install/my_robot_bringup
[0.024s] -- Found ament_cmake: 2.5.4 (/opt/ros/jazzy/share/ament_cmake/cmake)
[0.280s] Error parsing '/home/zouxx/MyData/ROS2_Visual_WS/src/my_robot_bringup/package.xml':
[1.369s] Traceback (most recent call last):
[1.370s]   File "/opt/ros/jazzy/share/ament_cmake_core/cmake/core/package_xml_2_cmake.py", line 150, in <module>
[1.370s]     main()
[1.370s]   File "/opt/ros/jazzy/share/ament_cmake_core/cmake/core/package_xml_2_cmake.py", line 53, in main
[1.370s]     raise e
[1.370s]   File "/opt/ros/jazzy/share/ament_cmake_core/cmake/core/package_xml_2_cmake.py", line 49, in main
[1.370s]     package = parse_package_string(
[1.370s]               ^^^^^^^^^^^^^^^^^^^^^
[1.370s]   File "/usr/lib/python3/dist-packages/catkin_pkg/package.py", line 786, in parse_package_string
[1.370s]     raise InvalidPackage('Error(s):%s' % (''.join(['\n- %s' % e for e in errors])), filename)
[1.370s] catkin_pkg.package.InvalidPackage: Error(s) in package '/home/zouxx/MyData/ROS2_Visual_WS/src/my_robot_bringup/package.xml':
[1.370s] Error(s):
[1.370s] - The manifest of package "my_robot_bringup" (with format version 3) must not contain the following tags: execute_depend
[1.409s] [31mCMake Error at /opt/ros/jazzy/share/ament_cmake_core/cmake/core/ament_package_xml.cmake:95 (message):
[1.410s]   execute_process(/usr/bin/python3
[1.410s]   /opt/ros/jazzy/share/ament_cmake_core/cmake/core/package_xml_2_cmake.py
[1.410s]   /home/zouxx/MyData/ROS2_Visual_WS/src/my_robot_bringup/package.xml
[1.410s]   /home/zouxx/MyData/ROS2_Visual_WS/build/my_robot_bringup/ament_cmake_core/package.cmake)
[1.410s]   returned error code 1
[1.410s] Call Stack (most recent call first):
[1.410s]   /opt/ros/jazzy/share/ament_cmake_core/cmake/core/ament_package_xml.cmake:49 (_ament_package_xml)
[1.410s]   /opt/ros/jazzy/share/ament_cmake_core/cmake/core/ament_package.cmake:63 (ament_package_xml)
[1.410s]   CMakeLists.txt:15 (ament_package)
[1.411s] 
[1.411s] [0m
[1.411s] -- Configuring incomplete, errors occurred!
[1.413s] Invoked command in '/home/zouxx/MyData/ROS2_Visual_WS/build/my_robot_bringup' returned '1': DEBUGINFOD_URLS=https://debuginfod.ubuntu.com /usr/bin/cmake /home/zouxx/MyData/ROS2_Visual_WS/src/my_robot_bringup -DCMAKE_INSTALL_PREFIX=/home/zouxx/MyData/ROS2_Visual_WS/install/my_robot_bringup
