[0.011s] Invoking command in '/home/zouxx/MyData/ROS2_Visual_WS/build/my_robot_description': CMAKE_PREFIX_PATH=${CMAKE_PREFIX_PATH}:/opt/ros/jazzy DEBUGINFOD_URLS=https://debuginfod.ubuntu.com /usr/bin/cmake --build /home/zouxx/MyData/ROS2_Visual_WS/build/my_robot_description -- -j16 -l16
[0.064s] Invoked command in '/home/zouxx/MyData/ROS2_Visual_WS/build/my_robot_description' returned '0': CMAKE_PREFIX_PATH=${CMAKE_PREFIX_PATH}:/opt/ros/jazzy DEBUGINFOD_URLS=https://debuginfod.ubuntu.com /usr/bin/cmake --build /home/zouxx/MyData/ROS2_Visual_WS/build/my_robot_description -- -j16 -l16
[0.065s] Invoking command in '/home/zouxx/MyData/ROS2_Visual_WS/build/my_robot_description': CMAKE_PREFIX_PATH=${CMAKE_PREFIX_PATH}:/opt/ros/jazzy DEBUGINFOD_URLS=https://debuginfod.ubuntu.com /usr/bin/cmake --install /home/zouxx/MyData/ROS2_Visual_WS/build/my_robot_description
[0.074s] -- Install configuration: ""
[0.075s] -- Up-to-date: /home/zouxx/MyData/ROS2_Visual_WS/install/my_robot_description/share/my_robot_description//urdf
[0.075s] -- Up-to-date: /home/zouxx/MyData/ROS2_Visual_WS/install/my_robot_description/share/my_robot_description//urdf/mobile_base_gazebo.xacro
[0.075s] -- Up-to-date: /home/zouxx/MyData/ROS2_Visual_WS/install/my_robot_description/share/my_robot_description//urdf/my_robot.urdf.xacro
[0.075s] -- Up-to-date: /home/zouxx/MyData/ROS2_Visual_WS/install/my_robot_description/share/my_robot_description//urdf/mobile_base.xacro
[0.075s] -- Installing: /home/zouxx/MyData/ROS2_Visual_WS/install/my_robot_description/share/my_robot_description//urdf/camera.xacro
[0.075s] -- Up-to-date: /home/zouxx/MyData/ROS2_Visual_WS/install/my_robot_description/share/my_robot_description//urdf/common_properties.xacro
[0.076s] -- Up-to-date: /home/zouxx/MyData/ROS2_Visual_WS/install/my_robot_description/share/my_robot_description//launch
[0.076s] -- Up-to-date: /home/zouxx/MyData/ROS2_Visual_WS/install/my_robot_description/share/my_robot_description//launch/display.launch.xml
[0.076s] -- Up-to-date: /home/zouxx/MyData/ROS2_Visual_WS/install/my_robot_description/share/my_robot_description//launch/display.launch.py
[0.076s] -- Up-to-date: /home/zouxx/MyData/ROS2_Visual_WS/install/my_robot_description/share/my_robot_description//rviz
[0.076s] -- Up-to-date: /home/zouxx/MyData/ROS2_Visual_WS/install/my_robot_description/share/my_robot_description//rviz/urdf_config.rviz
[0.076s] -- Up-to-date: /home/zouxx/MyData/ROS2_Visual_WS/install/my_robot_description/share/ament_index/resource_index/package_run_dependencies/my_robot_description
[0.076s] -- Up-to-date: /home/zouxx/MyData/ROS2_Visual_WS/install/my_robot_description/share/ament_index/resource_index/parent_prefix_path/my_robot_description
[0.076s] -- Up-to-date: /home/zouxx/MyData/ROS2_Visual_WS/install/my_robot_description/share/my_robot_description/environment/ament_prefix_path.sh
[0.076s] -- Up-to-date: /home/zouxx/MyData/ROS2_Visual_WS/install/my_robot_description/share/my_robot_description/environment/ament_prefix_path.dsv
[0.076s] -- Up-to-date: /home/zouxx/MyData/ROS2_Visual_WS/install/my_robot_description/share/my_robot_description/environment/path.sh
[0.076s] -- Up-to-date: /home/zouxx/MyData/ROS2_Visual_WS/install/my_robot_description/share/my_robot_description/environment/path.dsv
[0.077s] -- Up-to-date: /home/zouxx/MyData/ROS2_Visual_WS/install/my_robot_description/share/my_robot_description/local_setup.bash
[0.077s] -- Up-to-date: /home/zouxx/MyData/ROS2_Visual_WS/install/my_robot_description/share/my_robot_description/local_setup.sh
[0.077s] -- Up-to-date: /home/zouxx/MyData/ROS2_Visual_WS/install/my_robot_description/share/my_robot_description/local_setup.zsh
[0.077s] -- Up-to-date: /home/zouxx/MyData/ROS2_Visual_WS/install/my_robot_description/share/my_robot_description/local_setup.dsv
[0.077s] -- Installing: /home/zouxx/MyData/ROS2_Visual_WS/install/my_robot_description/share/my_robot_description/package.dsv
[0.077s] -- Up-to-date: /home/zouxx/MyData/ROS2_Visual_WS/install/my_robot_description/share/ament_index/resource_index/packages/my_robot_description
[0.077s] -- Up-to-date: /home/zouxx/MyData/ROS2_Visual_WS/install/my_robot_description/share/my_robot_description/cmake/my_robot_descriptionConfig.cmake
[0.077s] -- Up-to-date: /home/zouxx/MyData/ROS2_Visual_WS/install/my_robot_description/share/my_robot_description/cmake/my_robot_descriptionConfig-version.cmake
[0.077s] -- Up-to-date: /home/zouxx/MyData/ROS2_Visual_WS/install/my_robot_description/share/my_robot_description/package.xml
[0.092s] Invoked command in '/home/zouxx/MyData/ROS2_Visual_WS/build/my_robot_description' returned '0': CMAKE_PREFIX_PATH=${CMAKE_PREFIX_PATH}:/opt/ros/jazzy DEBUGINFOD_URLS=https://debuginfod.ubuntu.com /usr/bin/cmake --install /home/zouxx/MyData/ROS2_Visual_WS/build/my_robot_description
