[0.013s] Invoking command in '/home/zouxx/MyData/ROS2_Visual_WS/build/my_robot_bringup': CMAKE_PREFIX_PATH=${CMAKE_PREFIX_PATH}:/opt/ros/jazzy DEBUGINFOD_URLS=https://debuginfod.ubuntu.com /usr/bin/cmake --build /home/zouxx/MyData/ROS2_Visual_WS/build/my_robot_bringup -- -j16 -l16
[0.038s] -- Found ament_cmake: 2.5.4 (/opt/ros/jazzy/share/ament_cmake/cmake)
[0.317s] -- Configuring done (0.3s)
[0.320s] -- Generating done (0.0s)
[0.321s] -- Build files have been written to: /home/zouxx/MyData/ROS2_Visual_WS/build/my_robot_bringup
[0.346s] Invoked command in '/home/zouxx/MyData/ROS2_Visual_WS/build/my_robot_bringup' returned '0': CMAKE_PREFIX_PATH=${CMAKE_PREFIX_PATH}:/opt/ros/jazzy DEBUGINFOD_URLS=https://debuginfod.ubuntu.com /usr/bin/cmake --build /home/zouxx/MyData/ROS2_Visual_WS/build/my_robot_bringup -- -j16 -l16
[0.347s] Invoking command in '/home/zouxx/MyData/ROS2_Visual_WS/build/my_robot_bringup': CMAKE_PREFIX_PATH=${CMAKE_PREFIX_PATH}:/opt/ros/jazzy DEBUGINFOD_URLS=https://debuginfod.ubuntu.com /usr/bin/cmake --install /home/zouxx/MyData/ROS2_Visual_WS/build/my_robot_bringup
[0.355s] -- Install configuration: ""
[0.355s] -- Up-to-date: /home/zouxx/MyData/ROS2_Visual_WS/install/my_robot_bringup/share/my_robot_bringup//launch
[0.356s] -- Installing: /home/zouxx/MyData/ROS2_Visual_WS/install/my_robot_bringup/share/my_robot_bringup//launch/my_robot_gazebo.launch.xml
[0.356s] -- Installing: /home/zouxx/MyData/ROS2_Visual_WS/install/my_robot_bringup/share/my_robot_bringup//config
[0.356s] -- Installing: /home/zouxx/MyData/ROS2_Visual_WS/install/my_robot_bringup/share/my_robot_bringup//config/gazebo_bridge.yaml
[0.356s] -- Installing: /home/zouxx/MyData/ROS2_Visual_WS/install/my_robot_bringup/share/ament_index/resource_index/package_run_dependencies/my_robot_bringup
[0.356s] -- Installing: /home/zouxx/MyData/ROS2_Visual_WS/install/my_robot_bringup/share/ament_index/resource_index/parent_prefix_path/my_robot_bringup
[0.356s] -- Up-to-date: /home/zouxx/MyData/ROS2_Visual_WS/install/my_robot_bringup/share/my_robot_bringup/environment/ament_prefix_path.sh
[0.356s] -- Up-to-date: /home/zouxx/MyData/ROS2_Visual_WS/install/my_robot_bringup/share/my_robot_bringup/environment/ament_prefix_path.dsv
[0.356s] -- Up-to-date: /home/zouxx/MyData/ROS2_Visual_WS/install/my_robot_bringup/share/my_robot_bringup/environment/path.sh
[0.357s] -- Up-to-date: /home/zouxx/MyData/ROS2_Visual_WS/install/my_robot_bringup/share/my_robot_bringup/environment/path.dsv
[0.357s] -- Up-to-date: /home/zouxx/MyData/ROS2_Visual_WS/install/my_robot_bringup/share/my_robot_bringup/local_setup.bash
[0.357s] -- Up-to-date: /home/zouxx/MyData/ROS2_Visual_WS/install/my_robot_bringup/share/my_robot_bringup/local_setup.sh
[0.357s] -- Up-to-date: /home/zouxx/MyData/ROS2_Visual_WS/install/my_robot_bringup/share/my_robot_bringup/local_setup.zsh
[0.357s] -- Up-to-date: /home/zouxx/MyData/ROS2_Visual_WS/install/my_robot_bringup/share/my_robot_bringup/local_setup.dsv
[0.357s] -- Installing: /home/zouxx/MyData/ROS2_Visual_WS/install/my_robot_bringup/share/my_robot_bringup/package.dsv
[0.357s] -- Up-to-date: /home/zouxx/MyData/ROS2_Visual_WS/install/my_robot_bringup/share/ament_index/resource_index/packages/my_robot_bringup
[0.357s] -- Up-to-date: /home/zouxx/MyData/ROS2_Visual_WS/install/my_robot_bringup/share/my_robot_bringup/cmake/my_robot_bringupConfig.cmake
[0.357s] -- Up-to-date: /home/zouxx/MyData/ROS2_Visual_WS/install/my_robot_bringup/share/my_robot_bringup/cmake/my_robot_bringupConfig-version.cmake
[0.357s] -- Installing: /home/zouxx/MyData/ROS2_Visual_WS/install/my_robot_bringup/share/my_robot_bringup/package.xml
[0.359s] Invoked command in '/home/zouxx/MyData/ROS2_Visual_WS/build/my_robot_bringup' returned '0': CMAKE_PREFIX_PATH=${CMAKE_PREFIX_PATH}:/opt/ros/jazzy DEBUGINFOD_URLS=https://debuginfod.ubuntu.com /usr/bin/cmake --install /home/zouxx/MyData/ROS2_Visual_WS/build/my_robot_bringup
