[0.010s] Invoking command in '/home/zouxx/MyData/ROS2_Visual_WS/build/my_robot_description': CMAKE_PREFIX_PATH=${CMAKE_PREFIX_PATH}:/opt/ros/jazzy DEBUGINFOD_URLS=https://debuginfod.ubuntu.com /usr/bin/cmake --build /home/zouxx/MyData/ROS2_Visual_WS/build/my_robot_description -- -j16 -l16
[0.033s] -- Found ament_cmake: 2.5.4 (/opt/ros/jazzy/share/ament_cmake/cmake)
[0.319s] -- Configuring done (0.3s)
[0.323s] -- Generating done (0.0s)
[0.324s] -- Build files have been written to: /home/zouxx/MyData/ROS2_Visual_WS/build/my_robot_description
[0.356s] Invoked command in '/home/zouxx/MyData/ROS2_Visual_WS/build/my_robot_description' returned '0': CMAKE_PREFIX_PATH=${CMAKE_PREFIX_PATH}:/opt/ros/jazzy DEBUGINFOD_URLS=https://debuginfod.ubuntu.com /usr/bin/cmake --build /home/zouxx/MyData/ROS2_Visual_WS/build/my_robot_description -- -j16 -l16
[0.357s] Invoking command in '/home/zouxx/MyData/ROS2_Visual_WS/build/my_robot_description': CMAKE_PREFIX_PATH=${CMAKE_PREFIX_PATH}:/opt/ros/jazzy DEBUGINFOD_URLS=https://debuginfod.ubuntu.com /usr/bin/cmake --install /home/zouxx/MyData/ROS2_Visual_WS/build/my_robot_description
[0.366s] -- Install configuration: ""
[0.366s] -- Up-to-date: /home/zouxx/MyData/ROS2_Visual_WS/install/my_robot_description/share/my_robot_description//urdf
[0.366s] -- Up-to-date: /home/zouxx/MyData/ROS2_Visual_WS/install/my_robot_description/share/my_robot_description//urdf/mobile_base_gazebo.xacro
[0.366s] -- Up-to-date: /home/zouxx/MyData/ROS2_Visual_WS/install/my_robot_description/share/my_robot_description//urdf/my_robot.urdf.xacro
[0.367s] -- Up-to-date: /home/zouxx/MyData/ROS2_Visual_WS/install/my_robot_description/share/my_robot_description//urdf/mobile_base.xacro
[0.367s] -- Up-to-date: /home/zouxx/MyData/ROS2_Visual_WS/install/my_robot_description/share/my_robot_description//urdf/common_properties.xacro
[0.367s] -- Up-to-date: /home/zouxx/MyData/ROS2_Visual_WS/install/my_robot_description/share/my_robot_description//launch
[0.367s] -- Up-to-date: /home/zouxx/MyData/ROS2_Visual_WS/install/my_robot_description/share/my_robot_description//launch/display.launch.xml
[0.368s] -- Up-to-date: /home/zouxx/MyData/ROS2_Visual_WS/install/my_robot_description/share/my_robot_description//launch/display.launch.py
[0.368s] -- Up-to-date: /home/zouxx/MyData/ROS2_Visual_WS/install/my_robot_description/share/my_robot_description//rviz
[0.368s] -- Up-to-date: /home/zouxx/MyData/ROS2_Visual_WS/install/my_robot_description/share/my_robot_description//rviz/urdf_config.rviz
[0.368s] -- Installing: /home/zouxx/MyData/ROS2_Visual_WS/install/my_robot_description/share/ament_index/resource_index/package_run_dependencies/my_robot_description
[0.368s] -- Installing: /home/zouxx/MyData/ROS2_Visual_WS/install/my_robot_description/share/ament_index/resource_index/parent_prefix_path/my_robot_description
[0.368s] -- Installing: /home/zouxx/MyData/ROS2_Visual_WS/install/my_robot_description/share/my_robot_description/environment/ament_prefix_path.sh
[0.368s] -- Installing: /home/zouxx/MyData/ROS2_Visual_WS/install/my_robot_description/share/my_robot_description/environment/ament_prefix_path.dsv
[0.368s] -- Installing: /home/zouxx/MyData/ROS2_Visual_WS/install/my_robot_description/share/my_robot_description/environment/path.sh
[0.368s] -- Installing: /home/zouxx/MyData/ROS2_Visual_WS/install/my_robot_description/share/my_robot_description/environment/path.dsv
[0.369s] -- Installing: /home/zouxx/MyData/ROS2_Visual_WS/install/my_robot_description/share/my_robot_description/local_setup.bash
[0.369s] -- Installing: /home/zouxx/MyData/ROS2_Visual_WS/install/my_robot_description/share/my_robot_description/local_setup.sh
[0.369s] -- Installing: /home/zouxx/MyData/ROS2_Visual_WS/install/my_robot_description/share/my_robot_description/local_setup.zsh
[0.369s] -- Installing: /home/zouxx/MyData/ROS2_Visual_WS/install/my_robot_description/share/my_robot_description/local_setup.dsv
[0.369s] -- Installing: /home/zouxx/MyData/ROS2_Visual_WS/install/my_robot_description/share/my_robot_description/package.dsv
[0.369s] -- Installing: /home/zouxx/MyData/ROS2_Visual_WS/install/my_robot_description/share/ament_index/resource_index/packages/my_robot_description
[0.369s] -- Installing: /home/zouxx/MyData/ROS2_Visual_WS/install/my_robot_description/share/my_robot_description/cmake/my_robot_descriptionConfig.cmake
[0.369s] -- Installing: /home/zouxx/MyData/ROS2_Visual_WS/install/my_robot_description/share/my_robot_description/cmake/my_robot_descriptionConfig-version.cmake
[0.370s] -- Up-to-date: /home/zouxx/MyData/ROS2_Visual_WS/install/my_robot_description/share/my_robot_description/package.xml
[0.385s] Invoked command in '/home/zouxx/MyData/ROS2_Visual_WS/build/my_robot_description' returned '0': CMAKE_PREFIX_PATH=${CMAKE_PREFIX_PATH}:/opt/ros/jazzy DEBUGINFOD_URLS=https://debuginfod.ubuntu.com /usr/bin/cmake --install /home/zouxx/MyData/ROS2_Visual_WS/build/my_robot_description
