[0.009s] Invoking command in '/home/zouxx/MyData/ROS2_Visual_WS/build/my_robot_description': CMAKE_PREFIX_PATH=${CMAKE_PREFIX_PATH}:/opt/ros/jazzy DEBUGINFOD_URLS=https://debuginfod.ubuntu.com /usr/bin/cmake /home/zouxx/MyData/ROS2_Visual_WS/src/my_robot_description -DCMAKE_INSTALL_PREFIX=/home/zouxx/MyData/ROS2_Visual_WS/install/my_robot_description
[0.060s] -- The C compiler identification is GNU 13.3.0
[0.110s] -- The CXX compiler identification is GNU 13.3.0
[0.127s] -- Detecting C compiler ABI info
[0.214s] -- Detecting C compiler ABI info - done
[0.222s] -- Check for working C compiler: /usr/bin/cc - skipped
[0.222s] -- Detecting C compile features
[0.222s] -- Detecting C compile features - done
[0.232s] -- Detecting CXX compiler ABI info
[0.329s] -- Detecting CXX compiler ABI info - done
[0.336s] -- Check for working CXX compiler: /usr/bin/c++ - skipped
[0.337s] -- Detecting CXX compile features
[0.337s] -- Detecting CXX compile features - done
[0.342s] -- Found ament_cmake: 2.5.4 (/opt/ros/jazzy/share/ament_cmake/cmake)
[0.483s] -- Found Python3: /usr/bin/python3 (found version "3.12.3") found components: Interpreter 
[0.671s] -- Configuring done (0.7s)
[0.674s] -- Generating done (0.0s)
[0.676s] -- Build files have been written to: /home/zouxx/MyData/ROS2_Visual_WS/build/my_robot_description
[0.681s] Invoked command in '/home/zouxx/MyData/ROS2_Visual_WS/build/my_robot_description' returned '0': CMAKE_PREFIX_PATH=${CMAKE_PREFIX_PATH}:/opt/ros/jazzy DEBUGINFOD_URLS=https://debuginfod.ubuntu.com /usr/bin/cmake /home/zouxx/MyData/ROS2_Visual_WS/src/my_robot_description -DCMAKE_INSTALL_PREFIX=/home/zouxx/MyData/ROS2_Visual_WS/install/my_robot_description
[0.682s] Invoking command in '/home/zouxx/MyData/ROS2_Visual_WS/build/my_robot_description': CMAKE_PREFIX_PATH=${CMAKE_PREFIX_PATH}:/opt/ros/jazzy DEBUGINFOD_URLS=https://debuginfod.ubuntu.com /usr/bin/cmake --build /home/zouxx/MyData/ROS2_Visual_WS/build/my_robot_description -- -j16 -l16
[0.723s] Invoked command in '/home/zouxx/MyData/ROS2_Visual_WS/build/my_robot_description' returned '0': CMAKE_PREFIX_PATH=${CMAKE_PREFIX_PATH}:/opt/ros/jazzy DEBUGINFOD_URLS=https://debuginfod.ubuntu.com /usr/bin/cmake --build /home/zouxx/MyData/ROS2_Visual_WS/build/my_robot_description -- -j16 -l16
[0.733s] Invoking command in '/home/zouxx/MyData/ROS2_Visual_WS/build/my_robot_description': CMAKE_PREFIX_PATH=${CMAKE_PREFIX_PATH}:/opt/ros/jazzy DEBUGINFOD_URLS=https://debuginfod.ubuntu.com /usr/bin/cmake --install /home/zouxx/MyData/ROS2_Visual_WS/build/my_robot_description
[0.741s] -- Install configuration: ""
[0.741s] -- Installing: /home/zouxx/MyData/ROS2_Visual_WS/install/my_robot_description/share/my_robot_description//urdf
[0.741s] -- Installing: /home/zouxx/MyData/ROS2_Visual_WS/install/my_robot_description/share/my_robot_description//urdf/my_robot.urdf.xacro
[0.741s] -- Installing: /home/zouxx/MyData/ROS2_Visual_WS/install/my_robot_description/share/my_robot_description//urdf/mobile_base.xacro
[0.741s] -- Installing: /home/zouxx/MyData/ROS2_Visual_WS/install/my_robot_description/share/my_robot_description//urdf/common_properties.xacro
[0.742s] -- Installing: /home/zouxx/MyData/ROS2_Visual_WS/install/my_robot_description/share/my_robot_description//launch
[0.742s] -- Installing: /home/zouxx/MyData/ROS2_Visual_WS/install/my_robot_description/share/my_robot_description//launch/display.launch.xml
[0.742s] -- Installing: /home/zouxx/MyData/ROS2_Visual_WS/install/my_robot_description/share/my_robot_description//launch/display.launch.py
[0.742s] -- Installing: /home/zouxx/MyData/ROS2_Visual_WS/install/my_robot_description/share/my_robot_description//rviz
[0.742s] -- Installing: /home/zouxx/MyData/ROS2_Visual_WS/install/my_robot_description/share/my_robot_description//rviz/urdf_config.rviz
[0.742s] -- Installing: /home/zouxx/MyData/ROS2_Visual_WS/install/my_robot_description/share/ament_index/resource_index/package_run_dependencies/my_robot_description
[0.742s] -- Installing: /home/zouxx/MyData/ROS2_Visual_WS/install/my_robot_description/share/ament_index/resource_index/parent_prefix_path/my_robot_description
[0.742s] -- Installing: /home/zouxx/MyData/ROS2_Visual_WS/install/my_robot_description/share/my_robot_description/environment/ament_prefix_path.sh
[0.743s] -- Installing: /home/zouxx/MyData/ROS2_Visual_WS/install/my_robot_description/share/my_robot_description/environment/ament_prefix_path.dsv
[0.743s] -- Installing: /home/zouxx/MyData/ROS2_Visual_WS/install/my_robot_description/share/my_robot_description/environment/path.sh
[0.743s] -- Installing: /home/zouxx/MyData/ROS2_Visual_WS/install/my_robot_description/share/my_robot_description/environment/path.dsv
[0.743s] -- Installing: /home/zouxx/MyData/ROS2_Visual_WS/install/my_robot_description/share/my_robot_description/local_setup.bash
[0.743s] -- Installing: /home/zouxx/MyData/ROS2_Visual_WS/install/my_robot_description/share/my_robot_description/local_setup.sh
[0.743s] -- Installing: /home/zouxx/MyData/ROS2_Visual_WS/install/my_robot_description/share/my_robot_description/local_setup.zsh
[0.743s] -- Installing: /home/zouxx/MyData/ROS2_Visual_WS/install/my_robot_description/share/my_robot_description/local_setup.dsv
[0.744s] -- Installing: /home/zouxx/MyData/ROS2_Visual_WS/install/my_robot_description/share/my_robot_description/package.dsv
[0.744s] -- Installing: /home/zouxx/MyData/ROS2_Visual_WS/install/my_robot_description/share/ament_index/resource_index/packages/my_robot_description
[0.744s] -- Installing: /home/zouxx/MyData/ROS2_Visual_WS/install/my_robot_description/share/my_robot_description/cmake/my_robot_descriptionConfig.cmake
[0.744s] -- Installing: /home/zouxx/MyData/ROS2_Visual_WS/install/my_robot_description/share/my_robot_description/cmake/my_robot_descriptionConfig-version.cmake
[0.744s] -- Installing: /home/zouxx/MyData/ROS2_Visual_WS/install/my_robot_description/share/my_robot_description/package.xml
[0.746s] Invoked command in '/home/zouxx/MyData/ROS2_Visual_WS/build/my_robot_description' returned '0': CMAKE_PREFIX_PATH=${CMAKE_PREFIX_PATH}:/opt/ros/jazzy DEBUGINFOD_URLS=https://debuginfod.ubuntu.com /usr/bin/cmake --install /home/zouxx/MyData/ROS2_Visual_WS/build/my_robot_description
